<?xml version="1.0" encoding="utf-8"?><testsuites name="pytest tests"><testsuite name="pytest" errors="0" failures="0" skipped="0" tests="24" time="4.366" timestamp="2026-05-14T14:47:57.422872+00:00" hostname="agent-env-2039c945-e8f1-4b5b-b2ff-1411aa82180e"><testcase classname="tests.test_t10_2e_governance_sweep.TestSmoke" name="test_health" time="0.180" /><testcase classname="tests.test_t10_2e_governance_sweep.TestSmoke" name="test_admin_login_ok" time="0.171" /><testcase classname="tests.test_t10_2e_governance_sweep.TestSmoke" name="test_admin_login_wrong_pwd" time="0.150" /><testcase classname="tests.test_t10_2e_governance_sweep.TestInjectEndpointsAuthRequired" name="test_unauth_401[/api/admin/billing/reconciliation/summary]" time="0.105" /><testcase classname="tests.test_t10_2e_governance_sweep.TestInjectEndpointsAuthRequired" name="test_unauth_401[/api/admin/attribution/summary?window=7d]" time="0.128" /><testcase classname="tests.test_t10_2e_governance_sweep.TestInjectEndpointsAuthRequired" name="test_unauth_401[/api/admin/execution/testnet/config]" time="0.131" /><testcase classname="tests.test_t10_2e_governance_sweep.TestInjectEndpointsAuthRequired" name="test_unauth_401[/api/admin/operator-access/list]" time="0.161" /><testcase classname="tests.test_t10_2e_governance_sweep.TestInjectEndpointsAuthRequired" name="test_with_admin_jwt_200[/api/admin/billing/reconciliation/summary]" time="0.124" /><testcase classname="tests.test_t10_2e_governance_sweep.TestInjectEndpointsAuthRequired" name="test_with_admin_jwt_200[/api/admin/attribution/summary?window=7d]" time="0.124" /><testcase classname="tests.test_t10_2e_governance_sweep.TestInjectEndpointsAuthRequired" name="test_with_admin_jwt_200[/api/admin/execution/testnet/config]" time="0.114" /><testcase classname="tests.test_t10_2e_governance_sweep.TestInjectEndpointsAuthRequired" name="test_with_admin_jwt_200[/api/admin/operator-access/list]" time="0.118" /><testcase classname="tests.test_t10_2e_governance_sweep.TestGovernanceMutationChain" name="test_01_set_tier" time="0.152" /><testcase classname="tests.test_t10_2e_governance_sweep.TestGovernanceMutationChain" name="test_02_grant_paper" time="0.200" /><testcase classname="tests.test_t10_2e_governance_sweep.TestGovernanceMutationChain" name="test_03_grant_live_wrong_phrase" time="0.166" /><testcase classname="tests.test_t10_2e_governance_sweep.TestGovernanceMutationChain" name="test_04_grant_live_missing_reason" time="0.105" /><testcase classname="tests.test_t10_2e_governance_sweep.TestGovernanceMutationChain" name="test_05_grant_live_success" time="0.142" /><testcase classname="tests.test_t10_2e_governance_sweep.TestGovernanceMutationChain" name="test_06_audit_timeline" time="0.125" /><testcase classname="tests.test_t10_2e_governance_sweep.TestGovernanceMutationChain" name="test_07_override_capability_revoke" time="0.110" /><testcase classname="tests.test_t10_2e_governance_sweep.TestGovernanceMutationChain" name="test_08_revoke_live_missing_reason" time="0.117" /><testcase classname="tests.test_t10_2e_governance_sweep.TestGovernanceMutationChain" name="test_09_capability_resolver_consistency" time="0.131" /><testcase classname="tests.test_t10_2e_governance_sweep.TestExecutionLedger" name="test_testnet_config_invariants" time="0.115" /><testcase classname="tests.test_t10_2e_governance_sweep.TestExecutionLedger" name="test_duplicate_lineage_id_409" time="0.211" /><testcase classname="tests.test_t10_2e_governance_sweep.TestAdminSPAInject" name="test_admin_html_contains_inject_markers" time="0.174" /><testcase classname="tests.test_t10_2e_governance_sweep.TestAdminSPAInject" name="test_orphan_expo_admin_route" time="1.028" /></testsuite></testsuites>