<?xml version="1.0" encoding="utf-8"?><testsuites name="pytest tests"><testsuite name="pytest" errors="0" failures="0" skipped="0" tests="25" time="6.960" timestamp="2026-05-12T22:06:26.023181+00:00" hostname="agent-env-9bfc302b-7ca9-4e8b-baa9-4dea3fa4b41d"><testcase classname="backend.tests.test_sprint_t3_scheduler.TestSchedulerEndpoints" name="test_status_running_and_enabled_at_boot" time="0.201" /><testcase classname="backend.tests.test_sprint_t3_scheduler.TestSchedulerEndpoints" name="test_run_once_returns_evaluation_shape" time="0.078" /><testcase classname="backend.tests.test_sprint_t3_scheduler.TestSchedulerEndpoints" name="test_runs_total_increments_after_run_once" time="0.229" /><testcase classname="backend.tests.test_sprint_t3_scheduler.TestSchedulerEndpoints" name="test_disable_then_enable_idempotent" time="1.357" /><testcase classname="backend.tests.test_sprint_t3_scheduler.TestSchedulerEndpoints" name="test_full_cycle_disable_enable_disable_enable_then_run_once" time="2.036" /><testcase classname="backend.tests.test_sprint_t3_scheduler.TestSchedulerEndpoints" name="test_bootstrap_enabled_at_startup" time="0.083" /><testcase classname="backend.tests.test_sprint_t3_scheduler.TestForcedStopHitAndAutoClose" name="test_force_stop_hit_closes_position" time="0.393" /><testcase classname="backend.tests.test_sprint_t3_scheduler.TestForcedStopHitAndAutoClose" name="test_position_closed_in_positions_list" time="0.145" /><testcase classname="backend.tests.test_sprint_t3_scheduler.TestForcedStopHitAndAutoClose" name="test_position_closed_event_in_ledger" time="0.068" /><testcase classname="backend.tests.test_sprint_t3_scheduler.TestForcedStopHitAndAutoClose" name="test_idempotency_no_duplicate_close" time="0.334" /><testcase classname="backend.tests.test_sprint_t3_scheduler.TestMultiSymbolAndLastEvalAt" name="test_scheduler_scans_multiple_open_positions" time="0.686" /><testcase classname="backend.tests.test_sprint_t3_scheduler.TestT1T2Regression" name="test_get_endpoint_ok[/api/trading/verdict/BTC]" time="0.078" /><testcase classname="backend.tests.test_sprint_t3_scheduler.TestT1T2Regression" name="test_get_endpoint_ok[/api/trading/opportunities?symbols=BTC,ETH,SOL]" time="0.200" /><testcase classname="backend.tests.test_sprint_t3_scheduler.TestT1T2Regression" name="test_get_endpoint_ok[/api/trading/paper/account]" time="0.068" /><testcase classname="backend.tests.test_sprint_t3_scheduler.TestT1T2Regression" name="test_get_endpoint_ok[/api/trading/paper/positions?status=OPEN]" time="0.071" /><testcase classname="backend.tests.test_sprint_t3_scheduler.TestT1T2Regression" name="test_get_endpoint_ok[/api/trading/paper/orders?limit=10]" time="0.077" /><testcase classname="backend.tests.test_sprint_t3_scheduler.TestT1T2Regression" name="test_get_endpoint_ok[/api/trading/paper/events?limit=10]" time="0.069" /><testcase classname="backend.tests.test_sprint_t3_scheduler.TestT1T2Regression" name="test_get_endpoint_ok[/api/trading/runtime/status]" time="0.077" /><testcase classname="backend.tests.test_sprint_t3_scheduler.TestT1T2Regression" name="test_paper_evaluate_hits_still_works" time="0.071" /><testcase classname="backend.tests.test_sprint_t3_scheduler.TestCognitionRails" name="test_rail[/api/ta/basic/BTC]" time="0.080" /><testcase classname="backend.tests.test_sprint_t3_scheduler.TestCognitionRails" name="test_rail[/api/sentiment/runtime/BTC]" time="0.074" /><testcase classname="backend.tests.test_sprint_t3_scheduler.TestCognitionRails" name="test_rail[/api/fractal/runtime/BTC]" time="0.088" /><testcase classname="backend.tests.test_sprint_t3_scheduler.TestLegacyTerminal" name="test_legacy_terminal_404" time="0.080" /><testcase classname="backend.tests.test_sprint_t3_scheduler.TestSPAs" name="test_miniapp_lite" time="0.081" /><testcase classname="backend.tests.test_sprint_t3_scheduler.TestSPAs" name="test_panel_admin" time="0.076" /></testsuite></testsuites>