<?xml version="1.0" encoding="utf-8"?><testsuites name="pytest tests"><testsuite name="pytest" errors="0" failures="0" skipped="0" tests="54" time="15.453" timestamp="2026-05-12T23:25:05.699170+00:00" hostname="agent-env-9bfc302b-7ca9-4e8b-baa9-4dea3fa4b41d"><testcase classname="tests.test_sprint_t6_windowed_calibration.TestReportShape" name="test_report_has_recent30d_and_recent90d" time="0.227" /><testcase classname="tests.test_sprint_t6_windowed_calibration.TestReportShape" name="test_thresholds_include_t6_fields" time="0.070" /><testcase classname="tests.test_sprint_t6_windowed_calibration.TestRecentCollection" name="test_recent_collection_exists_with_compound_index" time="0.005" /><testcase classname="tests.test_sprint_t6_windowed_calibration.TestDualWriteback" name="test_seed_creates_three_docs_per_cell" time="0.013" /><testcase classname="tests.test_sprint_t6_windowed_calibration.TestVerdictRecentSubblock" name="test_verdict_calibration_has_recent30d" time="0.166" /><testcase classname="tests.test_sprint_t6_windowed_calibration.TestRegimeHardGate" name="test_regime_hard_gate_flips_to_wait" time="0.005" /><testcase classname="tests.test_sprint_t6_windowed_calibration.TestRegimeDegradation" name="test_regime_degradation_soft_adjust" time="0.007" /><testcase classname="tests.test_sprint_t6_windowed_calibration.TestMinimumSampleGuard" name="test_recent_below_5_does_not_trigger_regime" time="0.005" /><testcase classname="tests.test_sprint_t6_windowed_calibration.TestLifetimeLadderFiresWithoutRecent" name="test_lifetime_hard_gate_with_no_recent" time="0.005" /><testcase classname="tests.test_sprint_t6_windowed_calibration.TestLazyRefresh" name="test_lookup_recent_refreshes_stale_bucket" time="0.005" /><testcase classname="tests.test_sprint_t6_windowed_calibration.TestT1ToT5Regression" name="test_endpoint_ok[/api/trading/runtime/status]" time="0.064" /><testcase classname="tests.test_sprint_t6_windowed_calibration.TestT1ToT5Regression" name="test_endpoint_ok[/api/trading/verdict/BTC]" time="0.130" /><testcase classname="tests.test_sprint_t6_windowed_calibration.TestT1ToT5Regression" name="test_endpoint_ok[/api/trading/opportunities?symbols=BTC,ETH,SOL]" time="0.278" /><testcase classname="tests.test_sprint_t6_windowed_calibration.TestT1ToT5Regression" name="test_endpoint_ok[/api/trading/paper/account]" time="0.070" /><testcase classname="tests.test_sprint_t6_windowed_calibration.TestT1ToT5Regression" name="test_endpoint_ok[/api/trading/paper/positions?status=OPEN]" time="0.065" /><testcase classname="tests.test_sprint_t6_windowed_calibration.TestT1ToT5Regression" name="test_endpoint_ok[/api/trading/paper/orders?limit=10]" time="0.064" /><testcase classname="tests.test_sprint_t6_windowed_calibration.TestT1ToT5Regression" name="test_endpoint_ok[/api/trading/paper/events?limit=10]" time="0.065" /><testcase classname="tests.test_sprint_t6_windowed_calibration.TestT1ToT5Regression" name="test_endpoint_ok[/api/trading/paper/scheduler/status]" time="0.067" /><testcase classname="tests.test_sprint_t6_windowed_calibration.TestT1ToT5Regression" name="test_endpoint_ok[/api/trading/intelligence/calibration?symbol=BTC]" time="0.063" /><testcase classname="tests.test_sprint_t6_windowed_calibration.TestT1ToT5Regression" name="test_endpoint_ok[/api/miniapp/lite]" time="0.095" /><testcase classname="tests.test_sprint_t6_windowed_calibration.TestT1ToT5Regression" name="test_endpoint_ok[/api/panel/admin]" time="0.071" /><testcase classname="tests.test_sprint_t6_windowed_calibration.TestT1ToT5Regression" name="test_terminal_honest_404" time="0.066" /><testcase classname="tests.test_sprint_t4_calibration.TestEmptyAndUnknown" name="test_unknown_symbol_no_outcomes" time="0.153" /><testcase classname="tests.test_sprint_t4_calibration.TestEmptyAndUnknown" name="test_missing_symbol_param_errors" time="0.064" /><testcase classname="tests.test_sprint_t4_calibration.TestWriteback" name="test_outcome_row_written" time="10.734" /><testcase classname="tests.test_sprint_t4_calibration.TestWriteback" name="test_calibration_shows_sample_at_least_1" time="0.106" /><testcase classname="tests.test_sprint_t4_calibration.TestWriteback" name="test_idempotency_double_close" time="0.088" /><testcase classname="tests.test_sprint_t4_calibration.TestCalibrationUniqueness" name="test_unique_compound_index" time="0.001" /><testcase classname="tests.test_sprint_t4_calibration.TestCalibrationUniqueness" name="test_only_one_doc_per_bucket" time="0.001" /><testcase classname="tests.test_sprint_t4_calibration.TestCalibrationCell" name="test_cell_found_after_seed" time="0.150" /><testcase classname="tests.test_sprint_t4_calibration.TestCalibrationCell" name="test_cell_not_found" time="0.097" /><testcase classname="tests.test_sprint_t4_calibration.TestVerdictCalibrationBlock" name="test_verdict_has_calibration" time="0.107" /><testcase classname="tests.test_sprint_t4_calibration.TestReliabilityLadder" name="test_reliability_at_sample[4-weak_sample]" time="0.098" /><testcase classname="tests.test_sprint_t4_calibration.TestReliabilityLadder" name="test_reliability_at_sample[7-emerging]" time="0.099" /><testcase classname="tests.test_sprint_t4_calibration.TestReliabilityLadder" name="test_reliability_at_sample[15-usable]" time="0.093" /><testcase classname="tests.test_sprint_t4_calibration.TestReliabilityLadder" name="test_reliability_at_sample[30-strong]" time="0.093" /><testcase classname="tests.test_sprint_t4_calibration.TestGraduatedAdjustments" name="test_soft_adjust_at_12_losses" time="0.005" /><testcase classname="tests.test_sprint_t4_calibration.TestGraduatedAdjustments" name="test_hard_gate_at_30_losses" time="0.005" /><testcase classname="tests.test_sprint_t4_calibration.TestGraduatedAdjustments" name="test_observe_only_below_5" time="0.005" /><testcase classname="tests.test_sprint_t4_calibration.TestGraduatedAdjustments" name="test_warn_only_5_to_9" time="0.004" /><testcase classname="tests.test_sprint_t4_calibration.TestSchedulerWriteback" name="test_scheduler_forced_stop_writes_outcome" time="0.524" /><testcase classname="tests.test_sprint_t4_calibration.TestRegression" name="test_endpoint_ok[/api/trading/verdict/BTC]" time="0.092" /><testcase classname="tests.test_sprint_t4_calibration.TestRegression" name="test_endpoint_ok[/api/trading/opportunities?symbols=BTC,ETH,SOL]" time="0.248" /><testcase classname="tests.test_sprint_t4_calibration.TestRegression" name="test_endpoint_ok[/api/trading/paper/account]" time="0.068" /><testcase classname="tests.test_sprint_t4_calibration.TestRegression" name="test_endpoint_ok[/api/trading/paper/positions?status=OPEN]" time="0.066" /><testcase classname="tests.test_sprint_t4_calibration.TestRegression" name="test_endpoint_ok[/api/trading/paper/orders?limit=10]" time="0.076" /><testcase classname="tests.test_sprint_t4_calibration.TestRegression" name="test_endpoint_ok[/api/trading/paper/events?limit=10]" time="0.075" /><testcase classname="tests.test_sprint_t4_calibration.TestRegression" name="test_endpoint_ok[/api/trading/runtime/status]" time="0.073" /><testcase classname="tests.test_sprint_t4_calibration.TestRegression" name="test_endpoint_ok[/api/trading/paper/scheduler/status]" time="0.082" /><testcase classname="tests.test_sprint_t4_calibration.TestRegression" name="test_verdict_full_shape" time="0.085" /><testcase classname="tests.test_sprint_t4_calibration.TestRegression" name="test_scheduler_still_running" time="0.079" /><testcase classname="tests.test_sprint_t4_calibration.TestRegression" name="test_legacy_terminal_404" time="0.081" /><testcase classname="tests.test_sprint_t4_calibration.TestRegression" name="test_miniapp_lite" time="0.112" /><testcase classname="tests.test_sprint_t4_calibration.TestRegression" name="test_panel_admin" time="0.088" /></testsuite></testsuites>