<?xml version="1.0" encoding="utf-8"?><testsuites name="pytest tests"><testsuite name="pytest" errors="0" failures="1" skipped="0" tests="22" time="2.164" timestamp="2026-05-12T23:24:45.998735+00:00" hostname="agent-env-9bfc302b-7ca9-4e8b-baa9-4dea3fa4b41d"><testcase classname="tests.test_sprint_t6_windowed_calibration.TestReportShape" name="test_report_has_recent30d_and_recent90d" time="0.358" /><testcase classname="tests.test_sprint_t6_windowed_calibration.TestReportShape" name="test_thresholds_include_t6_fields" time="0.074" /><testcase classname="tests.test_sprint_t6_windowed_calibration.TestRecentCollection" name="test_recent_collection_exists_with_compound_index" time="0.005" /><testcase classname="tests.test_sprint_t6_windowed_calibration.TestDualWriteback" name="test_seed_creates_three_docs_per_cell" time="0.012" /><testcase classname="tests.test_sprint_t6_windowed_calibration.TestVerdictRecentSubblock" name="test_verdict_calibration_has_recent30d" time="0.442" /><testcase classname="tests.test_sprint_t6_windowed_calibration.TestRegimeHardGate" name="test_regime_hard_gate_flips_to_wait" time="0.006" /><testcase classname="tests.test_sprint_t6_windowed_calibration.TestRegimeDegradation" name="test_regime_degradation_soft_adjust" time="0.008" /><testcase classname="tests.test_sprint_t6_windowed_calibration.TestMinimumSampleGuard" name="test_recent_below_5_does_not_trigger_regime" time="0.005"><failure message="AssertionError: expected recent_sample_emerging: {'sample': 0, 'wins': 0, 'losses': 0, 'winRate': None, 'targetRate': None, 'stopRate': None, 'avgPnlPct': None, 'avgBarsHeld': None, 'reliability': 'weak_sample', 'alignmentBucket': '0.33_0.67', 'risk': 'LOW', 'appliedAdjustment': 'observe_only', 'recent30d': {'sample': 0, 'wins': 0, 'losses': 0, 'winRate': 0.0, 'targetRate': 0.0, 'reliability': 'weak_sample'}, 'regimeSignal': 'no_recent_sample'}&#10;assert 'no_recent_sample' == 'recent_sample_emerging'&#10;  &#10;  - recent_sample_emerging&#10;  + no_recent_sample">tests/test_sprint_t6_windowed_calibration.py:299: in test_recent_below_5_does_not_trigger_regime
    assert block.get("regimeSignal") == "recent_sample_emerging", \
E   AssertionError: expected recent_sample_emerging: {'sample': 0, 'wins': 0, 'losses': 0, 'winRate': None, 'targetRate': None, 'stopRate': None, 'avgPnlPct': None, 'avgBarsHeld': None, 'reliability': 'weak_sample', 'alignmentBucket': '0.33_0.67', 'risk': 'LOW', 'appliedAdjustment': 'observe_only', 'recent30d': {'sample': 0, 'wins': 0, 'losses': 0, 'winRate': 0.0, 'targetRate': 0.0, 'reliability': 'weak_sample'}, 'regimeSignal': 'no_recent_sample'}
E   assert 'no_recent_sample' == 'recent_sample_emerging'
E     
E     - recent_sample_emerging
E     + no_recent_sample</failure></testcase><testcase classname="tests.test_sprint_t6_windowed_calibration.TestLifetimeLadderFiresWithoutRecent" name="test_lifetime_hard_gate_with_no_recent" time="0.005" /><testcase classname="tests.test_sprint_t6_windowed_calibration.TestLazyRefresh" name="test_lookup_recent_refreshes_stale_bucket" time="0.005" /><testcase classname="tests.test_sprint_t6_windowed_calibration.TestT1ToT5Regression" name="test_endpoint_ok[/api/trading/runtime/status]" time="0.074" /><testcase classname="tests.test_sprint_t6_windowed_calibration.TestT1ToT5Regression" name="test_endpoint_ok[/api/trading/verdict/BTC]" time="0.069" /><testcase classname="tests.test_sprint_t6_windowed_calibration.TestT1ToT5Regression" name="test_endpoint_ok[/api/trading/opportunities?symbols=BTC,ETH,SOL]" time="0.236" /><testcase classname="tests.test_sprint_t6_windowed_calibration.TestT1ToT5Regression" name="test_endpoint_ok[/api/trading/paper/account]" time="0.072" /><testcase classname="tests.test_sprint_t6_windowed_calibration.TestT1ToT5Regression" name="test_endpoint_ok[/api/trading/paper/positions?status=OPEN]" time="0.069" /><testcase classname="tests.test_sprint_t6_windowed_calibration.TestT1ToT5Regression" name="test_endpoint_ok[/api/trading/paper/orders?limit=10]" time="0.068" /><testcase classname="tests.test_sprint_t6_windowed_calibration.TestT1ToT5Regression" name="test_endpoint_ok[/api/trading/paper/events?limit=10]" time="0.068" /><testcase classname="tests.test_sprint_t6_windowed_calibration.TestT1ToT5Regression" name="test_endpoint_ok[/api/trading/paper/scheduler/status]" time="0.066" /><testcase classname="tests.test_sprint_t6_windowed_calibration.TestT1ToT5Regression" name="test_endpoint_ok[/api/trading/intelligence/calibration?symbol=BTC]" time="0.067" /><testcase classname="tests.test_sprint_t6_windowed_calibration.TestT1ToT5Regression" name="test_endpoint_ok[/api/miniapp/lite]" time="0.097" /><testcase classname="tests.test_sprint_t6_windowed_calibration.TestT1ToT5Regression" name="test_endpoint_ok[/api/panel/admin]" time="0.079" /><testcase classname="tests.test_sprint_t6_windowed_calibration.TestT1ToT5Regression" name="test_terminal_honest_404" time="0.078" /></testsuite></testsuites>