<?xml version="1.0" encoding="utf-8"?><testsuites name="pytest tests"><testsuite name="pytest" errors="0" failures="1" skipped="0" tests="23" time="5.453" timestamp="2026-05-12T22:01:27.811684+00:00" hostname="agent-env-9bfc302b-7ca9-4e8b-baa9-4dea3fa4b41d"><testcase classname="backend.tests.test_sprint_t3_scheduler.TestSchedulerEndpoints" name="test_status_running_and_enabled_at_boot" time="0.238" /><testcase classname="backend.tests.test_sprint_t3_scheduler.TestSchedulerEndpoints" name="test_run_once_returns_evaluation_shape" time="0.516" /><testcase classname="backend.tests.test_sprint_t3_scheduler.TestSchedulerEndpoints" name="test_runs_total_increments_after_run_once" time="0.276" /><testcase classname="backend.tests.test_sprint_t3_scheduler.TestSchedulerEndpoints" name="test_disable_then_enable_idempotent" time="1.250"><failure message="assert False is True&#10; +  where False = &lt;built-in method get of dict object at 0xfed469ba4500&gt;('ok')&#10; +    where &lt;built-in method get of dict object at 0xfed469ba4500&gt; = {'asOf': '2026-05-12T22:01:30.233669+00:00', 'ok': False, 'reason': 'start_failed: RuntimeError(&quot;There is no current event loop in thread \'asyncio_1\'.&quot;)'}.get">backend/tests/test_sprint_t3_scheduler.py:80: in test_disable_then_enable_idempotent
    assert r3.get("ok") is True
E   assert False is True
E    +  where False = &lt;built-in method get of dict object at 0xfed469ba4500&gt;('ok')
E    +    where &lt;built-in method get of dict object at 0xfed469ba4500&gt; = {'asOf': '2026-05-12T22:01:30.233669+00:00', 'ok': False, 'reason': 'start_failed: RuntimeError("There is no current event loop in thread \'asyncio_1\'.")'}.get</failure></testcase><testcase classname="backend.tests.test_sprint_t3_scheduler.TestForcedStopHitAndAutoClose" name="test_force_stop_hit_closes_position" time="0.558" /><testcase classname="backend.tests.test_sprint_t3_scheduler.TestForcedStopHitAndAutoClose" name="test_position_closed_in_positions_list" time="0.077" /><testcase classname="backend.tests.test_sprint_t3_scheduler.TestForcedStopHitAndAutoClose" name="test_position_closed_event_in_ledger" time="0.095" /><testcase classname="backend.tests.test_sprint_t3_scheduler.TestForcedStopHitAndAutoClose" name="test_idempotency_no_duplicate_close" time="0.547" /><testcase classname="backend.tests.test_sprint_t3_scheduler.TestMultiSymbolAndLastEvalAt" name="test_scheduler_scans_multiple_open_positions" time="0.584" /><testcase classname="backend.tests.test_sprint_t3_scheduler.TestT1T2Regression" name="test_get_endpoint_ok[/api/trading/verdict/BTC]" time="0.072" /><testcase classname="backend.tests.test_sprint_t3_scheduler.TestT1T2Regression" name="test_get_endpoint_ok[/api/trading/opportunities?symbols=BTC,ETH,SOL]" time="0.141" /><testcase classname="backend.tests.test_sprint_t3_scheduler.TestT1T2Regression" name="test_get_endpoint_ok[/api/trading/paper/account]" time="0.075" /><testcase classname="backend.tests.test_sprint_t3_scheduler.TestT1T2Regression" name="test_get_endpoint_ok[/api/trading/paper/positions?status=OPEN]" time="0.070" /><testcase classname="backend.tests.test_sprint_t3_scheduler.TestT1T2Regression" name="test_get_endpoint_ok[/api/trading/paper/orders?limit=10]" time="0.069" /><testcase classname="backend.tests.test_sprint_t3_scheduler.TestT1T2Regression" name="test_get_endpoint_ok[/api/trading/paper/events?limit=10]" time="0.069" /><testcase classname="backend.tests.test_sprint_t3_scheduler.TestT1T2Regression" name="test_get_endpoint_ok[/api/trading/runtime/status]" time="0.074" /><testcase classname="backend.tests.test_sprint_t3_scheduler.TestT1T2Regression" name="test_paper_evaluate_hits_still_works" time="0.072" /><testcase classname="backend.tests.test_sprint_t3_scheduler.TestCognitionRails" name="test_rail[/api/ta/basic/BTC]" time="0.077" /><testcase classname="backend.tests.test_sprint_t3_scheduler.TestCognitionRails" name="test_rail[/api/sentiment/runtime/BTC]" time="0.070" /><testcase classname="backend.tests.test_sprint_t3_scheduler.TestCognitionRails" name="test_rail[/api/fractal/runtime/BTC]" time="0.073" /><testcase classname="backend.tests.test_sprint_t3_scheduler.TestLegacyTerminal" name="test_legacy_terminal_404" time="0.074" /><testcase classname="backend.tests.test_sprint_t3_scheduler.TestSPAs" name="test_miniapp_lite" time="0.101" /><testcase classname="backend.tests.test_sprint_t3_scheduler.TestSPAs" name="test_panel_admin" time="0.079" /></testsuite></testsuites>